2023-02-05 23:43:27,302 - mmcls - INFO - Environment info:
------------------------------------------------------------
sys.platform: win32
Python: 3.7.16 (default, Jan 17 2023, 16:06:28) [MSC v.1916 64 bit (AMD64)]
CUDA available: True
GPU 0: NVIDIA T600 Laptop GPU
CUDA_HOME: C:\Program Files\NVIDIA GPU Computing Toolkit\CUDA\v11.6
NVCC: Cuda compilation tools, release 11.6, V11.6.124
MSVC: 用于 x64 的 Microsoft (R) C/C++ 优化编译器 19.29.30145 版
GCC: n/a
PyTorch: 1.7.1+cu110
PyTorch compiling details: PyTorch built with:
  - C++ Version: 199711
  - MSVC 192729112
  - Intel(R) Math Kernel Library Version 2020.0.0 Product Build 20191125 for Intel(R) 64 architecture applications
  - Intel(R) MKL-DNN v1.6.0 (Git Hash 5ef631a030a6f73131c77892041042805a06064f)
  - OpenMP 2019
  - CPU capability usage: AVX2
  - CUDA Runtime 11.0
  - NVCC architecture flags: -gencode;arch=compute_37,code=sm_37;-gencode;arch=compute_50,code=sm_50;-gencode;arch=compute_60,code=sm_60;-gencode;arch=compute_61,code=sm_61;-gencode;arch=compute_70,code=sm_70;-gencode;arch=compute_75,code=sm_75;-gencode;arch=compute_80,code=sm_80;-gencode;arch=compute_37,code=compute_37
  - CuDNN 8.0.4
  - Magma 2.5.4
  - Build settings: BLAS=MKL, BUILD_TYPE=Release, CXX_FLAGS=/DWIN32 /D_WINDOWS /GR /EHsc /w /bigobj -openmp:experimental -DNDEBUG -DUSE_FBGEMM -DUSE_VULKAN_WRAPPER, PERF_WITH_AVX=1, PERF_WITH_AVX2=1, PERF_WITH_AVX512=1, USE_CUDA=ON, USE_EXCEPTION_PTR=1, USE_GFLAGS=OFF, USE_GLOG=OFF, USE_MKL=ON, USE_MKLDNN=ON, USE_MPI=OFF, USE_NCCL=OFF, USE_NNPACK=OFF, USE_OPENMP=ON, 

TorchVision: 0.8.2+cu110
OpenCV: 4.7.0
MMCV: 1.7.1
MMCV Compiler: MSVC 192930145
MMCV CUDA Compiler: 11.6
MMClassification: 0.25.0+5eb3dd2
------------------------------------------------------------

2023-02-05 23:43:27,305 - mmcls - INFO - Distributed training: False
2023-02-05 23:43:27,373 - mmcls - INFO - Config:
model = dict(
    type='ImageClassifier',
    backbone=dict(type='MobileNetV2', widen_factor=1.0),
    neck=dict(type='GlobalAveragePooling'),
    head=dict(
        type='LinearClsHead',
        num_classes=5,
        in_channels=1280,
        loss=dict(type='CrossEntropyLoss', loss_weight=1.0),
        topk=(1, 5)))
data = dict(
    samples_per_gpu=8,
    workers_per_gpu=1,
    train=dict(
        type='CustomDataset',
        data_prefix='data\flower_dataset_split\train',
        pipeline=[
            dict(type='LoadImageFromFile'),
            dict(type='RandomResizedCrop', size=224, backend='pillow'),
            dict(type='RandomFlip', flip_prob=0.5, direction='horizontal'),
            dict(
                type='Normalize',
                mean=[123.675, 116.28, 103.53],
                std=[58.395, 57.12, 57.375],
                to_rgb=True),
            dict(type='ImageToTensor', keys=['img']),
            dict(type='ToTensor', keys=['gt_label']),
            dict(type='Collect', keys=['img', 'gt_label'])
        ]),
    val=dict(
        type='CustomDataset',
        data_prefix='data\flower_dataset_split\val',
        pipeline=[
            dict(type='LoadImageFromFile'),
            dict(type='Resize', size=(256, -1), backend='pillow'),
            dict(type='CenterCrop', crop_size=224),
            dict(
                type='Normalize',
                mean=[123.675, 116.28, 103.53],
                std=[58.395, 57.12, 57.375],
                to_rgb=True),
            dict(type='ImageToTensor', keys=['img']),
            dict(type='Collect', keys=['img'])
        ]),
    test=dict(
        type='CustomDataset',
        data_prefix='data\flower_dataset_split\val',
        pipeline=[
            dict(type='LoadImageFromFile'),
            dict(type='Resize', size=(256, -1), backend='pillow'),
            dict(type='CenterCrop', crop_size=224),
            dict(
                type='Normalize',
                mean=[123.675, 116.28, 103.53],
                std=[58.395, 57.12, 57.375],
                to_rgb=True),
            dict(type='ImageToTensor', keys=['img']),
            dict(type='Collect', keys=['img'])
        ]))
evaluation = dict(interval=1, metric='accuracy')
optimizer = dict(type='SGD', lr=0.005, momentum=0.9, weight_decay=4e-05)
optimizer_config = dict(grad_clip=None)
lr_config = dict(policy='step', gamma=0.98, step=1)
runner = dict(type='EpochBasedRunner', max_epochs=5)
checkpoint_config = dict(interval=5)
log_config = dict(interval=10, hooks=[dict(type='TextLoggerHook')])
dist_params = dict(backend='nccl')
log_level = 'INFO'
load_from = 'models\mobilenet-v2_8xb32_in1k\mobilenet_v2_batch256_imagenet_20200708-3b2dc3af.pth'
resume_from = None
workflow = [('train', 1)]
work_dir = './work_dirs\mobilenet-v2_8xb32_in1k_flower'
gpu_ids = range(0, 1)

2023-02-05 23:43:27,378 - mmcls - INFO - Set random seed to 2124978870, deterministic: False
2023-02-05 23:43:28,774 - mmcls - INFO - load checkpoint from local path: models\mobilenet-v2_8xb32_in1k\mobilenet_v2_batch256_imagenet_20200708-3b2dc3af.pth
2023-02-05 23:43:28,809 - mmcls - WARNING - The model and loaded state dict do not match exactly

size mismatch for head.fc.weight: copying a param with shape torch.Size([1000, 1280]) from checkpoint, the shape in current model is torch.Size([5, 1280]).
size mismatch for head.fc.bias: copying a param with shape torch.Size([1000]) from checkpoint, the shape in current model is torch.Size([5]).
2023-02-05 23:43:28,811 - mmcls - INFO - Start running, host: PC@DESKTOP-A7E2LJK, work_dir: E:\mmlabCamp\MyProject\mmlabCamp\work_dirs\mobilenet-v2_8xb32_in1k_flower
2023-02-05 23:43:28,811 - mmcls - INFO - Hooks will be executed in the following order:
before_run:
(VERY_HIGH   ) StepLrUpdaterHook                  
(NORMAL      ) CheckpointHook                     
(LOW         ) EvalHook                           
(VERY_LOW    ) TextLoggerHook                     
 -------------------- 
before_train_epoch:
(VERY_HIGH   ) StepLrUpdaterHook                  
(LOW         ) IterTimerHook                      
(LOW         ) EvalHook                           
(VERY_LOW    ) TextLoggerHook                     
 -------------------- 
before_train_iter:
(VERY_HIGH   ) StepLrUpdaterHook                  
(LOW         ) IterTimerHook                      
(LOW         ) EvalHook                           
 -------------------- 
after_train_iter:
(ABOVE_NORMAL) OptimizerHook                      
(NORMAL      ) CheckpointHook                     
(LOW         ) IterTimerHook                      
(LOW         ) EvalHook                           
(VERY_LOW    ) TextLoggerHook                     
 -------------------- 
after_train_epoch:
(NORMAL      ) CheckpointHook                     
(LOW         ) EvalHook                           
(VERY_LOW    ) TextLoggerHook                     
 -------------------- 
before_val_epoch:
(LOW         ) IterTimerHook                      
(VERY_LOW    ) TextLoggerHook                     
 -------------------- 
before_val_iter:
(LOW         ) IterTimerHook                      
 -------------------- 
after_val_iter:
(LOW         ) IterTimerHook                      
 -------------------- 
after_val_epoch:
(VERY_LOW    ) TextLoggerHook                     
 -------------------- 
after_run:
(VERY_LOW    ) TextLoggerHook                     
 -------------------- 
2023-02-05 23:43:28,814 - mmcls - INFO - workflow: [('train', 1)], max: 5 epochs
2023-02-05 23:43:28,814 - mmcls - INFO - Checkpoints will be saved to E:\mmlabCamp\MyProject\mmlabCamp\work_dirs\mobilenet-v2_8xb32_in1k_flower by HardDiskBackend.
2023-02-05 23:43:34,464 - mmcls - INFO - Epoch [1][10/285]	lr: 5.000e-03, eta: 0:13:15, time: 0.562, data_time: 0.372, memory: 447, loss: 1.5350
2023-02-05 23:43:35,105 - mmcls - INFO - Epoch [1][20/285]	lr: 5.000e-03, eta: 0:07:19, time: 0.064, data_time: 0.003, memory: 447, loss: 0.8322
2023-02-05 23:43:35,746 - mmcls - INFO - Epoch [1][30/285]	lr: 5.000e-03, eta: 0:05:20, time: 0.064, data_time: 0.003, memory: 447, loss: 1.2367
2023-02-05 23:43:36,389 - mmcls - INFO - Epoch [1][40/285]	lr: 5.000e-03, eta: 0:04:21, time: 0.064, data_time: 0.003, memory: 447, loss: 2.4379
2023-02-05 23:43:37,033 - mmcls - INFO - Epoch [1][50/285]	lr: 5.000e-03, eta: 0:03:45, time: 0.064, data_time: 0.003, memory: 447, loss: 2.2570
2023-02-05 23:43:37,674 - mmcls - INFO - Epoch [1][60/285]	lr: 5.000e-03, eta: 0:03:20, time: 0.064, data_time: 0.004, memory: 447, loss: 2.7252
2023-02-05 23:43:38,314 - mmcls - INFO - Epoch [1][70/285]	lr: 5.000e-03, eta: 0:03:03, time: 0.064, data_time: 0.003, memory: 447, loss: 1.8749
2023-02-05 23:43:38,956 - mmcls - INFO - Epoch [1][80/285]	lr: 5.000e-03, eta: 0:02:50, time: 0.064, data_time: 0.003, memory: 447, loss: 2.0324
2023-02-05 23:43:39,597 - mmcls - INFO - Epoch [1][90/285]	lr: 5.000e-03, eta: 0:02:39, time: 0.064, data_time: 0.003, memory: 447, loss: 2.0291
2023-02-05 23:43:40,239 - mmcls - INFO - Epoch [1][100/285]	lr: 5.000e-03, eta: 0:02:30, time: 0.064, data_time: 0.003, memory: 447, loss: 1.6406
2023-02-05 23:43:40,880 - mmcls - INFO - Epoch [1][110/285]	lr: 5.000e-03, eta: 0:02:23, time: 0.064, data_time: 0.003, memory: 447, loss: 1.4070
2023-02-05 23:43:41,521 - mmcls - INFO - Epoch [1][120/285]	lr: 5.000e-03, eta: 0:02:17, time: 0.064, data_time: 0.003, memory: 447, loss: 1.4106
2023-02-05 23:43:42,182 - mmcls - INFO - Epoch [1][130/285]	lr: 5.000e-03, eta: 0:02:12, time: 0.066, data_time: 0.003, memory: 447, loss: 1.3348
2023-02-05 23:43:42,854 - mmcls - INFO - Epoch [1][140/285]	lr: 5.000e-03, eta: 0:02:08, time: 0.067, data_time: 0.004, memory: 447, loss: 1.0234
2023-02-05 23:43:43,528 - mmcls - INFO - Epoch [1][150/285]	lr: 5.000e-03, eta: 0:02:04, time: 0.068, data_time: 0.004, memory: 447, loss: 1.1053
2023-02-05 23:43:44,179 - mmcls - INFO - Epoch [1][160/285]	lr: 5.000e-03, eta: 0:02:01, time: 0.065, data_time: 0.003, memory: 447, loss: 1.2613
2023-02-05 23:43:44,848 - mmcls - INFO - Epoch [1][170/285]	lr: 5.000e-03, eta: 0:01:58, time: 0.067, data_time: 0.003, memory: 447, loss: 1.1783
2023-02-05 23:43:45,490 - mmcls - INFO - Epoch [1][180/285]	lr: 5.000e-03, eta: 0:01:55, time: 0.064, data_time: 0.003, memory: 447, loss: 1.1494
2023-02-05 23:43:46,133 - mmcls - INFO - Epoch [1][190/285]	lr: 5.000e-03, eta: 0:01:52, time: 0.064, data_time: 0.003, memory: 447, loss: 1.1652
2023-02-05 23:43:46,781 - mmcls - INFO - Epoch [1][200/285]	lr: 5.000e-03, eta: 0:01:49, time: 0.065, data_time: 0.003, memory: 447, loss: 1.1027
2023-02-05 23:43:47,421 - mmcls - INFO - Epoch [1][210/285]	lr: 5.000e-03, eta: 0:01:47, time: 0.064, data_time: 0.003, memory: 447, loss: 1.1380
2023-02-05 23:43:48,062 - mmcls - INFO - Epoch [1][220/285]	lr: 5.000e-03, eta: 0:01:45, time: 0.064, data_time: 0.003, memory: 447, loss: 1.0083
2023-02-05 23:43:48,704 - mmcls - INFO - Epoch [1][230/285]	lr: 5.000e-03, eta: 0:01:43, time: 0.064, data_time: 0.003, memory: 447, loss: 1.1130
2023-02-05 23:43:49,351 - mmcls - INFO - Epoch [1][240/285]	lr: 5.000e-03, eta: 0:01:41, time: 0.064, data_time: 0.003, memory: 447, loss: 1.2282
2023-02-05 23:43:49,993 - mmcls - INFO - Epoch [1][250/285]	lr: 5.000e-03, eta: 0:01:39, time: 0.065, data_time: 0.004, memory: 447, loss: 1.3912
2023-02-05 23:43:50,638 - mmcls - INFO - Epoch [1][260/285]	lr: 5.000e-03, eta: 0:01:37, time: 0.064, data_time: 0.003, memory: 447, loss: 1.2409
2023-02-05 23:43:51,278 - mmcls - INFO - Epoch [1][270/285]	lr: 5.000e-03, eta: 0:01:35, time: 0.064, data_time: 0.003, memory: 447, loss: 0.8674
2023-02-05 23:43:51,920 - mmcls - INFO - Epoch [1][280/285]	lr: 5.000e-03, eta: 0:01:34, time: 0.064, data_time: 0.003, memory: 447, loss: 0.9125
2023-02-05 23:43:58,210 - mmcls - INFO - Epoch(val) [1][71]	accuracy_top-1: 83.0986, accuracy_top-5: 100.0000
2023-02-05 23:44:02,849 - mmcls - INFO - Epoch [2][10/285]	lr: 4.900e-03, eta: 0:01:46, time: 0.461, data_time: 0.369, memory: 447, loss: 0.8931
2023-02-05 23:44:03,494 - mmcls - INFO - Epoch [2][20/285]	lr: 4.900e-03, eta: 0:01:44, time: 0.064, data_time: 0.003, memory: 447, loss: 0.6630
2023-02-05 23:44:04,145 - mmcls - INFO - Epoch [2][30/285]	lr: 4.900e-03, eta: 0:01:42, time: 0.065, data_time: 0.003, memory: 447, loss: 0.7277
2023-02-05 23:44:04,789 - mmcls - INFO - Epoch [2][40/285]	lr: 4.900e-03, eta: 0:01:40, time: 0.064, data_time: 0.003, memory: 447, loss: 1.0872
2023-02-05 23:44:05,439 - mmcls - INFO - Epoch [2][50/285]	lr: 4.900e-03, eta: 0:01:38, time: 0.065, data_time: 0.003, memory: 447, loss: 0.8593
2023-02-05 23:44:06,089 - mmcls - INFO - Epoch [2][60/285]	lr: 4.900e-03, eta: 0:01:36, time: 0.065, data_time: 0.003, memory: 447, loss: 0.8441
2023-02-05 23:44:06,733 - mmcls - INFO - Epoch [2][70/285]	lr: 4.900e-03, eta: 0:01:35, time: 0.065, data_time: 0.003, memory: 447, loss: 0.8951
2023-02-05 23:44:07,376 - mmcls - INFO - Epoch [2][80/285]	lr: 4.900e-03, eta: 0:01:33, time: 0.064, data_time: 0.003, memory: 447, loss: 1.0805
2023-02-05 23:44:08,024 - mmcls - INFO - Epoch [2][90/285]	lr: 4.900e-03, eta: 0:01:32, time: 0.065, data_time: 0.004, memory: 447, loss: 1.0231
2023-02-05 23:44:08,671 - mmcls - INFO - Epoch [2][100/285]	lr: 4.900e-03, eta: 0:01:30, time: 0.065, data_time: 0.003, memory: 447, loss: 0.9237
2023-02-05 23:44:09,318 - mmcls - INFO - Epoch [2][110/285]	lr: 4.900e-03, eta: 0:01:29, time: 0.065, data_time: 0.003, memory: 447, loss: 0.9316
2023-02-05 23:44:09,964 - mmcls - INFO - Epoch [2][120/285]	lr: 4.900e-03, eta: 0:01:27, time: 0.065, data_time: 0.003, memory: 447, loss: 0.8302
2023-02-05 23:44:10,610 - mmcls - INFO - Epoch [2][130/285]	lr: 4.900e-03, eta: 0:01:26, time: 0.065, data_time: 0.003, memory: 447, loss: 0.7073
2023-02-05 23:44:11,256 - mmcls - INFO - Epoch [2][140/285]	lr: 4.900e-03, eta: 0:01:24, time: 0.065, data_time: 0.003, memory: 447, loss: 0.9854
2023-02-05 23:44:11,901 - mmcls - INFO - Epoch [2][150/285]	lr: 4.900e-03, eta: 0:01:23, time: 0.065, data_time: 0.003, memory: 447, loss: 0.7351
2023-02-05 23:44:12,548 - mmcls - INFO - Epoch [2][160/285]	lr: 4.900e-03, eta: 0:01:22, time: 0.065, data_time: 0.003, memory: 447, loss: 0.8565
2023-02-05 23:44:13,191 - mmcls - INFO - Epoch [2][170/285]	lr: 4.900e-03, eta: 0:01:21, time: 0.064, data_time: 0.003, memory: 447, loss: 0.8641
2023-02-05 23:44:13,843 - mmcls - INFO - Epoch [2][180/285]	lr: 4.900e-03, eta: 0:01:19, time: 0.065, data_time: 0.003, memory: 447, loss: 0.9458
2023-02-05 23:44:14,490 - mmcls - INFO - Epoch [2][190/285]	lr: 4.900e-03, eta: 0:01:18, time: 0.065, data_time: 0.003, memory: 447, loss: 0.7273
2023-02-05 23:44:15,142 - mmcls - INFO - Epoch [2][200/285]	lr: 4.900e-03, eta: 0:01:17, time: 0.065, data_time: 0.003, memory: 447, loss: 0.7902
2023-02-05 23:44:15,814 - mmcls - INFO - Epoch [2][210/285]	lr: 4.900e-03, eta: 0:01:16, time: 0.067, data_time: 0.004, memory: 447, loss: 1.0022
2023-02-05 23:44:16,476 - mmcls - INFO - Epoch [2][220/285]	lr: 4.900e-03, eta: 0:01:15, time: 0.066, data_time: 0.003, memory: 447, loss: 0.8698
2023-02-05 23:44:17,142 - mmcls - INFO - Epoch [2][230/285]	lr: 4.900e-03, eta: 0:01:14, time: 0.067, data_time: 0.003, memory: 447, loss: 0.8160
2023-02-05 23:44:17,792 - mmcls - INFO - Epoch [2][240/285]	lr: 4.900e-03, eta: 0:01:13, time: 0.065, data_time: 0.003, memory: 447, loss: 0.8505
2023-02-05 23:44:18,437 - mmcls - INFO - Epoch [2][250/285]	lr: 4.900e-03, eta: 0:01:11, time: 0.064, data_time: 0.003, memory: 447, loss: 0.6807
2023-02-05 23:44:19,081 - mmcls - INFO - Epoch [2][260/285]	lr: 4.900e-03, eta: 0:01:10, time: 0.065, data_time: 0.003, memory: 447, loss: 0.7336
2023-02-05 23:44:19,728 - mmcls - INFO - Epoch [2][270/285]	lr: 4.900e-03, eta: 0:01:09, time: 0.065, data_time: 0.003, memory: 447, loss: 0.5833
2023-02-05 23:44:20,373 - mmcls - INFO - Epoch [2][280/285]	lr: 4.900e-03, eta: 0:01:08, time: 0.065, data_time: 0.003, memory: 447, loss: 0.8625
2023-02-05 23:44:24,757 - mmcls - INFO - Epoch(val) [2][71]	accuracy_top-1: 72.8873, accuracy_top-5: 100.0000
2023-02-05 23:44:29,291 - mmcls - INFO - Epoch [3][10/285]	lr: 4.802e-03, eta: 0:01:12, time: 0.450, data_time: 0.368, memory: 447, loss: 0.8800
2023-02-05 23:44:29,935 - mmcls - INFO - Epoch [3][20/285]	lr: 4.802e-03, eta: 0:01:11, time: 0.064, data_time: 0.003, memory: 447, loss: 0.8007
2023-02-05 23:44:30,586 - mmcls - INFO - Epoch [3][30/285]	lr: 4.802e-03, eta: 0:01:10, time: 0.065, data_time: 0.004, memory: 447, loss: 0.7614
2023-02-05 23:44:31,262 - mmcls - INFO - Epoch [3][40/285]	lr: 4.802e-03, eta: 0:01:09, time: 0.067, data_time: 0.003, memory: 447, loss: 0.6856
2023-02-05 23:44:31,947 - mmcls - INFO - Epoch [3][50/285]	lr: 4.802e-03, eta: 0:01:07, time: 0.069, data_time: 0.004, memory: 447, loss: 0.8496
2023-02-05 23:44:32,602 - mmcls - INFO - Epoch [3][60/285]	lr: 4.802e-03, eta: 0:01:06, time: 0.065, data_time: 0.004, memory: 447, loss: 0.7797
2023-02-05 23:44:33,247 - mmcls - INFO - Epoch [3][70/285]	lr: 4.802e-03, eta: 0:01:05, time: 0.065, data_time: 0.003, memory: 447, loss: 0.7137
2023-02-05 23:44:33,892 - mmcls - INFO - Epoch [3][80/285]	lr: 4.802e-03, eta: 0:01:04, time: 0.064, data_time: 0.003, memory: 447, loss: 0.7079
2023-02-05 23:44:34,535 - mmcls - INFO - Epoch [3][90/285]	lr: 4.802e-03, eta: 0:01:03, time: 0.064, data_time: 0.003, memory: 447, loss: 0.6713
2023-02-05 23:44:35,177 - mmcls - INFO - Epoch [3][100/285]	lr: 4.802e-03, eta: 0:01:02, time: 0.064, data_time: 0.003, memory: 447, loss: 0.5750
2023-02-05 23:44:35,821 - mmcls - INFO - Epoch [3][110/285]	lr: 4.802e-03, eta: 0:01:01, time: 0.064, data_time: 0.003, memory: 447, loss: 0.7367
2023-02-05 23:44:36,465 - mmcls - INFO - Epoch [3][120/285]	lr: 4.802e-03, eta: 0:01:00, time: 0.064, data_time: 0.003, memory: 447, loss: 0.7529
2023-02-05 23:44:37,108 - mmcls - INFO - Epoch [3][130/285]	lr: 4.802e-03, eta: 0:00:59, time: 0.064, data_time: 0.003, memory: 447, loss: 0.7246
2023-02-05 23:44:37,751 - mmcls - INFO - Epoch [3][140/285]	lr: 4.802e-03, eta: 0:00:58, time: 0.064, data_time: 0.004, memory: 447, loss: 0.8834
2023-02-05 23:44:38,396 - mmcls - INFO - Epoch [3][150/285]	lr: 4.802e-03, eta: 0:00:57, time: 0.064, data_time: 0.003, memory: 447, loss: 0.6964
2023-02-05 23:44:39,042 - mmcls - INFO - Epoch [3][160/285]	lr: 4.802e-03, eta: 0:00:56, time: 0.065, data_time: 0.003, memory: 447, loss: 0.8407
2023-02-05 23:44:39,685 - mmcls - INFO - Epoch [3][170/285]	lr: 4.802e-03, eta: 0:00:55, time: 0.064, data_time: 0.003, memory: 447, loss: 0.6684
2023-02-05 23:44:40,327 - mmcls - INFO - Epoch [3][180/285]	lr: 4.802e-03, eta: 0:00:54, time: 0.064, data_time: 0.003, memory: 447, loss: 0.5560
2023-02-05 23:44:40,971 - mmcls - INFO - Epoch [3][190/285]	lr: 4.802e-03, eta: 0:00:53, time: 0.064, data_time: 0.003, memory: 447, loss: 0.5671
2023-02-05 23:44:41,615 - mmcls - INFO - Epoch [3][200/285]	lr: 4.802e-03, eta: 0:00:52, time: 0.065, data_time: 0.003, memory: 447, loss: 0.6716
2023-02-05 23:44:42,259 - mmcls - INFO - Epoch [3][210/285]	lr: 4.802e-03, eta: 0:00:51, time: 0.064, data_time: 0.003, memory: 447, loss: 0.5362
2023-02-05 23:44:42,903 - mmcls - INFO - Epoch [3][220/285]	lr: 4.802e-03, eta: 0:00:50, time: 0.064, data_time: 0.003, memory: 447, loss: 0.7638
2023-02-05 23:44:43,547 - mmcls - INFO - Epoch [3][230/285]	lr: 4.802e-03, eta: 0:00:49, time: 0.064, data_time: 0.003, memory: 447, loss: 0.6721
2023-02-05 23:44:44,191 - mmcls - INFO - Epoch [3][240/285]	lr: 4.802e-03, eta: 0:00:49, time: 0.064, data_time: 0.003, memory: 447, loss: 0.6390
2023-02-05 23:44:44,834 - mmcls - INFO - Epoch [3][250/285]	lr: 4.802e-03, eta: 0:00:48, time: 0.064, data_time: 0.003, memory: 447, loss: 0.9129
2023-02-05 23:44:45,478 - mmcls - INFO - Epoch [3][260/285]	lr: 4.802e-03, eta: 0:00:47, time: 0.065, data_time: 0.003, memory: 447, loss: 0.5857
2023-02-05 23:44:46,124 - mmcls - INFO - Epoch [3][270/285]	lr: 4.802e-03, eta: 0:00:46, time: 0.065, data_time: 0.003, memory: 447, loss: 0.7578
2023-02-05 23:44:46,768 - mmcls - INFO - Epoch [3][280/285]	lr: 4.802e-03, eta: 0:00:45, time: 0.064, data_time: 0.003, memory: 447, loss: 0.5693
2023-02-05 23:44:51,090 - mmcls - INFO - Epoch(val) [3][71]	accuracy_top-1: 89.0845, accuracy_top-5: 100.0000
2023-02-05 23:44:55,631 - mmcls - INFO - Epoch [4][10/285]	lr: 4.706e-03, eta: 0:00:46, time: 0.451, data_time: 0.368, memory: 447, loss: 0.7146
2023-02-05 23:44:56,272 - mmcls - INFO - Epoch [4][20/285]	lr: 4.706e-03, eta: 0:00:45, time: 0.064, data_time: 0.003, memory: 447, loss: 0.8405
2023-02-05 23:44:56,915 - mmcls - INFO - Epoch [4][30/285]	lr: 4.706e-03, eta: 0:00:44, time: 0.064, data_time: 0.003, memory: 447, loss: 0.7817
2023-02-05 23:44:57,557 - mmcls - INFO - Epoch [4][40/285]	lr: 4.706e-03, eta: 0:00:43, time: 0.064, data_time: 0.003, memory: 447, loss: 0.5065
2023-02-05 23:44:58,200 - mmcls - INFO - Epoch [4][50/285]	lr: 4.706e-03, eta: 0:00:42, time: 0.064, data_time: 0.003, memory: 447, loss: 0.7951
2023-02-05 23:44:58,842 - mmcls - INFO - Epoch [4][60/285]	lr: 4.706e-03, eta: 0:00:41, time: 0.064, data_time: 0.003, memory: 447, loss: 0.6764
2023-02-05 23:44:59,485 - mmcls - INFO - Epoch [4][70/285]	lr: 4.706e-03, eta: 0:00:40, time: 0.064, data_time: 0.003, memory: 447, loss: 0.7547
2023-02-05 23:45:00,127 - mmcls - INFO - Epoch [4][80/285]	lr: 4.706e-03, eta: 0:00:39, time: 0.064, data_time: 0.003, memory: 447, loss: 0.6154
2023-02-05 23:45:00,769 - mmcls - INFO - Epoch [4][90/285]	lr: 4.706e-03, eta: 0:00:39, time: 0.064, data_time: 0.003, memory: 447, loss: 0.4939
2023-02-05 23:45:01,413 - mmcls - INFO - Epoch [4][100/285]	lr: 4.706e-03, eta: 0:00:38, time: 0.064, data_time: 0.003, memory: 447, loss: 0.5049
2023-02-05 23:45:02,055 - mmcls - INFO - Epoch [4][110/285]	lr: 4.706e-03, eta: 0:00:37, time: 0.064, data_time: 0.003, memory: 447, loss: 0.6766
2023-02-05 23:45:02,699 - mmcls - INFO - Epoch [4][120/285]	lr: 4.706e-03, eta: 0:00:36, time: 0.065, data_time: 0.003, memory: 447, loss: 0.7006
2023-02-05 23:45:03,344 - mmcls - INFO - Epoch [4][130/285]	lr: 4.706e-03, eta: 0:00:35, time: 0.064, data_time: 0.003, memory: 447, loss: 0.8870
2023-02-05 23:45:03,987 - mmcls - INFO - Epoch [4][140/285]	lr: 4.706e-03, eta: 0:00:34, time: 0.064, data_time: 0.003, memory: 447, loss: 0.8021
2023-02-05 23:45:04,629 - mmcls - INFO - Epoch [4][150/285]	lr: 4.706e-03, eta: 0:00:33, time: 0.064, data_time: 0.004, memory: 447, loss: 0.7791
2023-02-05 23:45:05,273 - mmcls - INFO - Epoch [4][160/285]	lr: 4.706e-03, eta: 0:00:32, time: 0.064, data_time: 0.003, memory: 447, loss: 0.6917
2023-02-05 23:45:05,919 - mmcls - INFO - Epoch [4][170/285]	lr: 4.706e-03, eta: 0:00:31, time: 0.065, data_time: 0.003, memory: 447, loss: 0.6316
2023-02-05 23:45:06,565 - mmcls - INFO - Epoch [4][180/285]	lr: 4.706e-03, eta: 0:00:31, time: 0.065, data_time: 0.003, memory: 447, loss: 0.6365
2023-02-05 23:45:07,212 - mmcls - INFO - Epoch [4][190/285]	lr: 4.706e-03, eta: 0:00:30, time: 0.065, data_time: 0.003, memory: 447, loss: 0.4867
2023-02-05 23:45:07,860 - mmcls - INFO - Epoch [4][200/285]	lr: 4.706e-03, eta: 0:00:29, time: 0.065, data_time: 0.003, memory: 447, loss: 0.4100
2023-02-05 23:45:08,509 - mmcls - INFO - Epoch [4][210/285]	lr: 4.706e-03, eta: 0:00:28, time: 0.065, data_time: 0.003, memory: 447, loss: 0.5470
2023-02-05 23:45:09,152 - mmcls - INFO - Epoch [4][220/285]	lr: 4.706e-03, eta: 0:00:27, time: 0.064, data_time: 0.004, memory: 447, loss: 0.6362
2023-02-05 23:45:09,794 - mmcls - INFO - Epoch [4][230/285]	lr: 4.706e-03, eta: 0:00:26, time: 0.064, data_time: 0.003, memory: 447, loss: 0.5959
2023-02-05 23:45:10,435 - mmcls - INFO - Epoch [4][240/285]	lr: 4.706e-03, eta: 0:00:26, time: 0.064, data_time: 0.003, memory: 447, loss: 0.4872
2023-02-05 23:45:11,077 - mmcls - INFO - Epoch [4][250/285]	lr: 4.706e-03, eta: 0:00:25, time: 0.064, data_time: 0.003, memory: 447, loss: 0.4625
2023-02-05 23:45:11,721 - mmcls - INFO - Epoch [4][260/285]	lr: 4.706e-03, eta: 0:00:24, time: 0.064, data_time: 0.003, memory: 447, loss: 0.7249
2023-02-05 23:45:12,364 - mmcls - INFO - Epoch [4][270/285]	lr: 4.706e-03, eta: 0:00:23, time: 0.064, data_time: 0.003, memory: 447, loss: 0.5328
2023-02-05 23:45:13,006 - mmcls - INFO - Epoch [4][280/285]	lr: 4.706e-03, eta: 0:00:22, time: 0.064, data_time: 0.003, memory: 447, loss: 0.5624
2023-02-05 23:45:17,262 - mmcls - INFO - Epoch(val) [4][71]	accuracy_top-1: 90.4930, accuracy_top-5: 100.0000
2023-02-05 23:45:21,856 - mmcls - INFO - Epoch [5][10/285]	lr: 4.612e-03, eta: 0:00:22, time: 0.456, data_time: 0.367, memory: 447, loss: 0.3927
2023-02-05 23:45:22,500 - mmcls - INFO - Epoch [5][20/285]	lr: 4.612e-03, eta: 0:00:21, time: 0.064, data_time: 0.003, memory: 447, loss: 0.5913
2023-02-05 23:45:23,145 - mmcls - INFO - Epoch [5][30/285]	lr: 4.612e-03, eta: 0:00:20, time: 0.065, data_time: 0.003, memory: 447, loss: 0.5783
2023-02-05 23:45:23,788 - mmcls - INFO - Epoch [5][40/285]	lr: 4.612e-03, eta: 0:00:19, time: 0.064, data_time: 0.003, memory: 447, loss: 0.3578
2023-02-05 23:45:24,432 - mmcls - INFO - Epoch [5][50/285]	lr: 4.612e-03, eta: 0:00:18, time: 0.064, data_time: 0.003, memory: 447, loss: 0.5462
2023-02-05 23:45:25,074 - mmcls - INFO - Epoch [5][60/285]	lr: 4.612e-03, eta: 0:00:18, time: 0.064, data_time: 0.003, memory: 447, loss: 0.5068
2023-02-05 23:45:25,719 - mmcls - INFO - Epoch [5][70/285]	lr: 4.612e-03, eta: 0:00:17, time: 0.064, data_time: 0.003, memory: 447, loss: 0.5081
2023-02-05 23:45:26,362 - mmcls - INFO - Epoch [5][80/285]	lr: 4.612e-03, eta: 0:00:16, time: 0.065, data_time: 0.003, memory: 447, loss: 0.5602
2023-02-05 23:45:27,008 - mmcls - INFO - Epoch [5][90/285]	lr: 4.612e-03, eta: 0:00:15, time: 0.065, data_time: 0.003, memory: 447, loss: 0.6042
2023-02-05 23:45:27,650 - mmcls - INFO - Epoch [5][100/285]	lr: 4.612e-03, eta: 0:00:14, time: 0.064, data_time: 0.004, memory: 447, loss: 0.6790
2023-02-05 23:45:28,294 - mmcls - INFO - Epoch [5][110/285]	lr: 4.612e-03, eta: 0:00:14, time: 0.064, data_time: 0.003, memory: 447, loss: 0.7479
2023-02-05 23:45:28,941 - mmcls - INFO - Epoch [5][120/285]	lr: 4.612e-03, eta: 0:00:13, time: 0.065, data_time: 0.003, memory: 447, loss: 0.6142
2023-02-05 23:45:29,586 - mmcls - INFO - Epoch [5][130/285]	lr: 4.612e-03, eta: 0:00:12, time: 0.065, data_time: 0.003, memory: 447, loss: 0.4409
2023-02-05 23:45:30,235 - mmcls - INFO - Epoch [5][140/285]	lr: 4.612e-03, eta: 0:00:11, time: 0.065, data_time: 0.003, memory: 447, loss: 0.4505
2023-02-05 23:45:30,877 - mmcls - INFO - Epoch [5][150/285]	lr: 4.612e-03, eta: 0:00:10, time: 0.064, data_time: 0.003, memory: 447, loss: 0.5100
2023-02-05 23:45:31,524 - mmcls - INFO - Epoch [5][160/285]	lr: 4.612e-03, eta: 0:00:09, time: 0.065, data_time: 0.003, memory: 447, loss: 0.6638
2023-02-05 23:45:32,167 - mmcls - INFO - Epoch [5][170/285]	lr: 4.612e-03, eta: 0:00:09, time: 0.064, data_time: 0.003, memory: 447, loss: 0.7009
2023-02-05 23:45:32,815 - mmcls - INFO - Epoch [5][180/285]	lr: 4.612e-03, eta: 0:00:08, time: 0.065, data_time: 0.003, memory: 447, loss: 0.4445
2023-02-05 23:45:33,459 - mmcls - INFO - Epoch [5][190/285]	lr: 4.612e-03, eta: 0:00:07, time: 0.065, data_time: 0.004, memory: 447, loss: 0.5693
2023-02-05 23:45:34,106 - mmcls - INFO - Epoch [5][200/285]	lr: 4.612e-03, eta: 0:00:06, time: 0.065, data_time: 0.003, memory: 447, loss: 0.6359
2023-02-05 23:45:34,752 - mmcls - INFO - Epoch [5][210/285]	lr: 4.612e-03, eta: 0:00:05, time: 0.064, data_time: 0.003, memory: 447, loss: 0.6071
2023-02-05 23:45:35,394 - mmcls - INFO - Epoch [5][220/285]	lr: 4.612e-03, eta: 0:00:05, time: 0.064, data_time: 0.004, memory: 447, loss: 0.5315
2023-02-05 23:45:36,038 - mmcls - INFO - Epoch [5][230/285]	lr: 4.612e-03, eta: 0:00:04, time: 0.064, data_time: 0.003, memory: 447, loss: 0.5299
2023-02-05 23:45:36,682 - mmcls - INFO - Epoch [5][240/285]	lr: 4.612e-03, eta: 0:00:03, time: 0.065, data_time: 0.003, memory: 447, loss: 0.4914
2023-02-05 23:45:37,325 - mmcls - INFO - Epoch [5][250/285]	lr: 4.612e-03, eta: 0:00:02, time: 0.064, data_time: 0.003, memory: 447, loss: 0.7820
2023-02-05 23:45:37,968 - mmcls - INFO - Epoch [5][260/285]	lr: 4.612e-03, eta: 0:00:01, time: 0.064, data_time: 0.003, memory: 447, loss: 0.6018
2023-02-05 23:45:38,611 - mmcls - INFO - Epoch [5][270/285]	lr: 4.612e-03, eta: 0:00:01, time: 0.064, data_time: 0.004, memory: 447, loss: 0.6164
2023-02-05 23:45:39,261 - mmcls - INFO - Epoch [5][280/285]	lr: 4.612e-03, eta: 0:00:00, time: 0.065, data_time: 0.004, memory: 447, loss: 0.7005
2023-02-05 23:45:39,747 - mmcls - INFO - Saving checkpoint at 5 epochs
2023-02-05 23:45:43,812 - mmcls - INFO - Epoch(val) [5][71]	accuracy_top-1: 89.9648, accuracy_top-5: 100.0000
